<?xml version="1.0" encoding="UTF-8"?>
<!-- Generated by org.testng.reporters.JUnitReportReporter -->
<testsuite hostname="DESKTOP-CNF8BPT" failures="0" tests="1" name="Sample.SampleRealTimeWeatherApi" time="2.325" errors="0" timestamp="2023-01-30T18:13:59 CST" skipped="0">
  <testcase classname="Sample.SampleRealTimeWeatherApi" name="weatherApi" time="2.325"/>
  <system-out/>
</testsuite> <!-- Sample.SampleRealTimeWeatherApi -->
